Output of mt19937-2.c (1998/4/6)
0.817330 0.999061 0.510354 0.131533 0.035416 0.992470 0.625709 0.062592 
0.410711 0.134774 0.980872 0.837393 0.965528 0.221287 0.444438 0.338071 
0.705342 0.033197 0.368748 0.422974 0.589178 0.311985 0.902081 0.708791 
0.456958 0.541166 0.072243 0.228411 0.211457 0.785090 0.522670 0.157319 
0.744318 0.242253 0.712371 0.711391 0.658173 0.671609 0.719584 0.526718 
0.816373 0.484413 0.381097 0.999526 0.474487 0.574089 0.290980 0.007005 
0.026136 0.310531 0.204987 0.077927 0.777102 0.003978 0.249156 0.491632 
0.262873 0.644875 0.046275 0.494472 0.785132 0.155518 0.287600 0.329100 
0.548346 0.729200 0.317001 0.796237 0.874014 0.615493 0.199018 0.657438 
0.363946 0.646820 0.782365 0.301511 0.620960 0.953544 0.187817 0.865621 
0.249584 0.845375 0.179597 0.263421 0.860918 0.992987 0.317774 0.666802 
0.258410 0.714077 0.646963 0.928904 0.200112 0.039004 0.254769 0.457212 
0.292744 0.402785 0.029279 0.248826 0.410153 0.490483 0.240558 0.220301 
0.256215 0.113926 0.555312 0.153366 0.770208 0.555533 0.024592 0.460128 
0.357511 0.073150 0.290456 0.497817 0.641932 0.566584 0.924549 0.452670 
0.550956 0.591748 0.997675 0.052363 0.339464 0.509469 0.851024 0.227975 
0.297990 0.631369 0.953194 0.535486 0.494036 0.583348 0.430100 0.692545 
0.800892 0.389473 0.052546 0.581345 0.142404 0.929698 0.816863 0.387368 
0.176617 0.385070 0.396060 0.880771 0.778542 0.605960 0.146585 0.867083 
0.084122 0.622690 0.336184 0.955722 0.032772 0.985093 0.104182 0.173207 
0.656190 0.310156 0.061941 0.071753 0.030351 0.715767 0.720236 0.373160 
0.432201 0.786029 0.725238 0.086244 0.334179 0.150258 0.211624 0.568193 
0.372392 0.582100 0.183967 0.857870 0.943584 0.364726 0.068693 0.969377 
0.698009 0.157875 0.853944 0.296483 0.827898 0.177420 0.254106 0.411104 
0.986778 0.793159 0.884115 0.090482 0.503076 0.081482 0.324184 0.833307 
0.140744 0.833027 0.540508 0.882526 0.741737 0.519133 0.262767 0.206023 
0.775502 0.743700 0.158575 0.186344 0.467260 0.609932 0.367381 0.832406 
0.526224 0.858945 0.385998 0.615227 0.670199 0.721764 0.109161 0.962607 
0.957083 0.443440 0.451038 0.730530 0.848364 0.190978 0.714411 0.789005 
0.986178 0.608879 0.362231 0.354124 0.243786 0.387219 0.919324 0.250898 
0.697780 0.752270 0.470176 0.201463 0.476435 0.736588 0.062648 0.524670 
0.064672 0.259512 0.623944 0.230243 0.214899 0.111071 0.270475 0.686872 
0.486355 0.818844 0.326801 0.275688 0.822132 0.708111 0.782119 0.493118 
0.356177 0.291749 0.426003 0.623699 0.498007 0.732788 0.104125 0.248924 
0.882825 0.187406 0.833614 0.395862 0.210483 0.017355 0.300016 0.406729 
0.101889 0.181975 0.271566 0.597521 0.999509 0.949205 0.924083 0.711844 
0.483036 0.850679 0.136489 0.747690 0.606394 0.769092 0.011864 0.493297 
0.107148 0.781208 0.116585 0.391586 0.026542 0.279615 0.720043 0.072861 
0.911784 0.596445 0.864719 0.521642 0.148347 0.453197 0.750705 0.522136 
0.587894 0.220219 0.653136 0.437553 0.882931 0.008820 0.280764 0.816775 
0.629978 0.729741 0.738091 0.002108 0.500096 0.881973 0.563979 0.285922 
0.296897 0.322575 0.029916 0.158026 0.574268 0.632243 0.097805 0.092218 
0.402753 0.965332 0.090789 0.235378 0.185036 0.147551 0.830692 0.057972 
0.292098 0.463325 0.331874 0.512777 0.659007 0.884507 0.801628 0.062856 
0.653706 0.417924 0.373222 0.316738 0.420323 0.129158 0.991835 0.504949 
0.103131 0.871862 0.830583 0.286927 0.866179 0.070665 0.822768 0.497439 
0.655173 0.710560 0.658949 0.735156 0.741825 0.247570 0.962486 0.471918 
0.022046 0.009935 0.513497 0.046630 0.741412 0.283169 0.452112 0.442996 
0.963979 0.450469 0.611472 0.242387 0.758227 0.466960 0.085458 0.596580 
0.973059 0.091864 0.864826 0.721044 0.868411 0.821498 0.345387 0.191235 
0.479049 0.731412 0.147055 0.541483 0.830915 0.535552 0.060018 0.804587 
0.664477 0.052143 0.540334 0.058296 0.828373 0.215857 0.073440 0.455743 
0.168950 0.778914 0.259574 0.426268 0.447665 0.881441 0.792730 0.566904 
0.316553 0.200333 0.693825 0.206769 0.149434 0.042032 0.772267 0.934340 
0.006651 0.243438 0.961965 0.050284 0.084339 0.523430 0.714578 0.792463 
0.422118 0.411862 0.933089 0.288887 0.003233 0.818310 0.891130 0.777933 
0.461666 0.473380 0.997424 0.871762 0.169087 0.909261 0.436744 0.472768 
0.657065 0.774274 0.393779 0.706377 0.399664 0.362185 0.619584 0.460971 
0.524319 0.297105 0.777943 0.440658 0.511027 0.113292 0.580406 0.138122 
0.180673 0.292386 0.539725 0.711592 0.036865 0.570884 0.785602 0.086810 
0.262717 0.087077 0.563245 0.193159 0.686434 0.541137 0.037421 0.336424 
0.178223 0.880215 0.137897 0.073731 0.545322 0.335181 0.782827 0.666106 
0.259970 0.706333 0.321697 0.300709 0.456969 0.517437 0.283064 0.831028 
0.375149 0.272814 0.711876 0.759910 0.713792 0.181952 0.437996 0.877549 
0.277876 0.662148 0.800394 0.503081 0.097620 0.644261 0.933037 0.308630 
0.975033 0.946901 0.768283 0.035914 0.452111 0.269516 0.164206 0.200411 
0.305082 0.441989 0.812865 0.072835 0.793254 0.239665 0.806504 0.638227 
0.629943 0.615685 0.159026 0.220800 0.618600 0.382808 0.664470 0.191401 
0.175540 0.373485 0.408935 0.791775 0.652570 0.528104 0.881181 0.700803 
0.091836 0.428450 0.617412 0.280620 0.826894 0.665415 0.587317 0.855831 
0.287545 0.805404 0.043430 0.309656 0.540725 0.251119 0.026366 0.563759 
0.769762 0.049332 0.197255 0.240752 0.552758 0.176018 0.576118 0.439106 
0.835403 0.774442 0.173988 0.738670 0.946364 0.474078 0.824124 0.666167 
0.769244 0.555497 0.171077 0.187346 0.269656 0.484389 0.571788 0.479705 
0.284826 0.599272 0.777966 0.746768 0.385229 0.285864 0.414338 0.987534 
0.917953 0.649123 0.021046 0.287659 0.560020 0.953883 0.493984 0.566246 
0.616770 0.082804 0.930885 0.820631 0.214036 0.183840 0.574042 0.051386 
0.686204 0.309640 0.868440 0.283830 0.700094 0.065532 0.884873 0.170172 
0.517377 0.956306 0.625744 0.759234 0.861906 0.899237 0.328881 0.394591 
0.179855 0.160450 0.527490 0.814885 0.662528 0.598562 0.453393 0.937695 
0.444894 0.898468 0.936383 0.949667 0.794658 0.693848 0.500309 0.348626 
0.475097 0.724583 0.512665 0.855020 0.699214 0.887014 0.863610 0.760175 
0.397567 0.257274 0.859579 0.442074 0.540877 0.171494 0.535584 0.721888 
0.070417 0.299995 0.461251 0.848849 0.374718 0.795853 0.853986 0.124871 
0.707958 0.592430 0.098831 0.372935 0.057470 0.623355 0.660173 0.262583 
0.198137 0.481449 0.876890 0.233279 0.885005 0.754909 0.363355 0.391532 
0.596745 0.811374 0.618257 0.406606 0.826743 0.940343 0.171190 0.920630 
0.954925 0.737377 0.457906 0.367071 0.048204 0.544206 0.792762 0.785150 
0.538717 0.351810 0.916015 0.035394 0.536697 0.233583 0.882005 0.637510 
0.621034 0.948983 0.912685 0.916116 0.222516 0.866447 0.440688 0.448282 
0.822043 0.013354 0.116640 0.887612 0.726595 0.779609 0.616592 0.687075 
0.676664 0.976866 0.460101 0.132488 0.746198 0.194800 0.990253 0.938197 
0.271817 0.736736 0.285437 0.227928 0.905235 0.938236 0.785014 0.616565 
0.079551 0.181689 0.290826 0.657976 0.328233 0.813310 0.571470 0.698934 
0.208312 0.957771 0.639846 0.887382 0.078481 0.826844 0.980291 0.665268 
0.385571 0.711496 0.948585 0.629268 0.908859 0.630531 0.303424 0.157572 
0.000250 0.795588 0.123407 0.154727 0.916000 0.260345 0.372180 0.315052 
0.828029 0.896732 0.183467 0.841682 0.617896 0.081687 0.591569 0.079580 
0.961958 0.664087 0.080956 0.070956 0.846856 0.277399 0.989594 0.516262 
0.842617 0.540258 0.376860 0.023423 0.922668 0.774357 0.770679 0.512776 
0.561184 0.432100 0.369425 0.440849 0.980891 0.716762 0.699840 0.848690 
0.635472 0.041485 0.437433 0.841232 0.520382 0.286151 0.283522 0.797362 
0.471672 0.591695 0.812841 0.194198 0.343677 0.122886 0.731698 0.230541 
0.823955 0.256534 0.059182 0.498089 0.711060 0.846637 0.369858 0.760352 
0.745227 0.769606 0.399140 0.673961 0.066646 0.556627 0.257077 0.402668 
0.606092 0.405017 0.543037 0.913515 0.227234 0.709377 0.998178 0.672281 
0.746309 0.658706 0.928891 0.253880 0.643297 0.469430 0.043789 0.130987 
0.276034 0.926708 0.680340 0.748749 0.220486 0.657263 0.187006 0.431292 
0.534848 0.651807 0.408917 0.539640 0.310922 0.157006 0.675105 0.930517 
0.701926 0.065899 0.810707 0.887157 0.634618 0.173271 0.853460 0.133098 
0.740742 0.414958 0.131146 0.296766 0.555760 0.084745 0.682649 0.143150 
0.386838 0.104594 0.816424 0.797922 0.610124 0.117716 0.758225 0.074781 
0.905811 0.472740 0.277524 0.807698 0.220614 0.134789 0.501754 0.129718 
0.087102 0.399666 0.247940 0.531514 0.513598 0.171331 0.486344 0.904546 
0.353948 0.779803 0.958552 0.850807 0.834723 0.505404 0.955549 0.333358 
0.202805 0.729044 0.940552 0.758022 0.357942 0.995127 0.644226 0.717132 
0.565214 0.395491 0.114383 0.688516 0.932097 0.387866 0.674976 0.081703 
0.786481 0.013169 0.642085 0.699195 0.703259 0.256943 0.062135 0.754015 
0.023528 0.506207 0.992160 0.786497 0.997221 0.384012 0.560550 0.276200 
0.117961 0.198674 0.122939 0.784723 0.799244 0.007754 0.173812 0.201268 
0.204338 0.127949 0.584984 0.400091 0.437085 0.909698 0.810321 0.284617 
0.689740 0.441770 0.131690 0.202711 0.427772 0.487316 0.481920 0.098148 
0.127167 0.870157 0.470954 0.026724 0.243310 0.343385 0.001778 0.914181 
0.192118 0.906847 0.520458 0.980023 0.317411 0.380215 0.606430 0.343561 
0.084549 0.684521 0.790466 0.644937 0.600699 0.786468 0.448594 0.304817 

